<?xml version="1.0" encoding="UTF-8"?>
<!-- Generated by org.testng.reporters.JUnitReportReporter -->
<testsuite hostname="Newt-Pk024" name="test.GoogleMapsTest" tests="6" failures="0" timestamp="5 May 2016 10:17:03 GMT" time="301.498" errors="0">
  <testcase name="findTimeToNearByRestaurant" time="52.007" classname="test.GoogleMapsTest"/>
  <testcase name="findTimeToReachSpecificPlace" time="47.397" classname="test.GoogleMapsTest"/>
  <testcase name="findTimeToReachSpecificPlace" time="48.496" classname="test.GoogleMapsTest"/>
  <testcase name="findTimeToNearByRestaurant" time="50.842" classname="test.GoogleMapsTest"/>
  <testcase name="findTimeToNearByRestaurant" time="53.723" classname="test.GoogleMapsTest"/>
  <testcase name="findTimeToReachSpecificPlace" time="49.033" classname="test.GoogleMapsTest"/>
</testsuite> <!-- test.GoogleMapsTest -->
