<?xml version="1.0" encoding="UTF-8"?>
<!-- Generated by org.testng.reporters.JUnitReportReporter -->
<testsuite hostname="Newt-1607-11" name="test.NYSETest" tests="3" failures="0" timestamp="18 May 2016 08:00:11 GMT" time="282.713" errors="0">
  <testcase name="compareNYSEStocks" time="83.221" classname="test.NYSETest"/>
  <testcase name="compareNYSEStocks" time="102.090" classname="test.NYSETest"/>
  <testcase name="compareNYSEStocks" time="97.402" classname="test.NYSETest"/>
</testsuite> <!-- test.NYSETest -->
