<?xml version="1.0" encoding="UTF-8"?>
<!-- Generated by org.testng.reporters.JUnitReportReporter -->
<testsuite hostname="Newt-Pk024" name="test.NewTest2" tests="2" failures="0" timestamp="27 Apr 2016 14:11:27 GMT" time="61.503" errors="0">
  <testcase name="findTimeToReachSpeificPlace" time="29.236" classname="test.NewTest2"/>
  <testcase name="findTimeToNearByRestaurant" time="32.267" classname="test.NewTest2"/>
</testsuite> <!-- test.NewTest2 -->
